ARM GAS  C:\Users\VIDCOM~1\AppData\Local\Temp\ccEDajXK.s 			page 1


   1              		.cpu cortex-m3
   2              		.arch armv7-m
   3              		.fpu softvfp
   4              		.eabi_attribute 20, 1
   5              		.eabi_attribute 21, 1
   6              		.eabi_attribute 23, 3
   7              		.eabi_attribute 24, 1
   8              		.eabi_attribute 25, 1
   9              		.eabi_attribute 26, 1
  10              		.eabi_attribute 30, 1
  11              		.eabi_attribute 34, 1
  12              		.eabi_attribute 18, 4
  13              		.file	"spi.c"
  14              		.text
  15              	.Ltext0:
  16              		.cfi_sections	.debug_frame
  17              		.file 1 "Core/Src/spi.c"
  18              		.section	.text.MX_SPI2_Init,"ax",%progbits
  19              		.align	1
  20              		.global	MX_SPI2_Init
  21              		.syntax unified
  22              		.thumb
  23              		.thumb_func
  25              	MX_SPI2_Init:
  26              	.LFB574:
   1:Core/Src/spi.c **** /* USER CODE BEGIN Header */
   2:Core/Src/spi.c **** /**
   3:Core/Src/spi.c ****   ******************************************************************************
   4:Core/Src/spi.c ****   * @file    spi.c
   5:Core/Src/spi.c ****   * @brief   This file provides code for the configuration
   6:Core/Src/spi.c ****   *          of the SPI instances.
   7:Core/Src/spi.c ****   ******************************************************************************
   8:Core/Src/spi.c ****   * @attention
   9:Core/Src/spi.c ****   *
  10:Core/Src/spi.c ****   * Copyright (c) 2024 STMicroelectronics.
  11:Core/Src/spi.c ****   * All rights reserved.
  12:Core/Src/spi.c ****   *
  13:Core/Src/spi.c ****   * This software is licensed under terms that can be found in the LICENSE file
  14:Core/Src/spi.c ****   * in the root directory of this software component.
  15:Core/Src/spi.c ****   * If no LICENSE file comes with this software, it is provided AS-IS.
  16:Core/Src/spi.c ****   *
  17:Core/Src/spi.c ****   ******************************************************************************
  18:Core/Src/spi.c ****   */
  19:Core/Src/spi.c **** /* USER CODE END Header */
  20:Core/Src/spi.c **** /* Includes ------------------------------------------------------------------*/
  21:Core/Src/spi.c **** #include "spi.h"
  22:Core/Src/spi.c **** 
  23:Core/Src/spi.c **** /* USER CODE BEGIN 0 */
  24:Core/Src/spi.c **** 
  25:Core/Src/spi.c **** /* USER CODE END 0 */
  26:Core/Src/spi.c **** 
  27:Core/Src/spi.c **** SPI_HandleTypeDef hspi2;
  28:Core/Src/spi.c **** DMA_HandleTypeDef hdma_spi2_rx;
  29:Core/Src/spi.c **** DMA_HandleTypeDef hdma_spi2_tx;
  30:Core/Src/spi.c **** 
  31:Core/Src/spi.c **** /* SPI2 init function */
  32:Core/Src/spi.c **** void MX_SPI2_Init(void)
ARM GAS  C:\Users\VIDCOM~1\AppData\Local\Temp\ccEDajXK.s 			page 2


  33:Core/Src/spi.c **** {
  27              		.loc 1 33 1 view -0
  28              		.cfi_startproc
  29              		@ args = 0, pretend = 0, frame = 0
  30              		@ frame_needed = 0, uses_anonymous_args = 0
  31 0000 08B5     		push	{r3, lr}
  32              	.LCFI0:
  33              		.cfi_def_cfa_offset 8
  34              		.cfi_offset 3, -8
  35              		.cfi_offset 14, -4
  34:Core/Src/spi.c **** 
  35:Core/Src/spi.c ****   /* USER CODE BEGIN SPI2_Init 0 */
  36:Core/Src/spi.c **** 
  37:Core/Src/spi.c ****   /* USER CODE END SPI2_Init 0 */
  38:Core/Src/spi.c **** 
  39:Core/Src/spi.c ****   /* USER CODE BEGIN SPI2_Init 1 */
  40:Core/Src/spi.c **** 
  41:Core/Src/spi.c ****   /* USER CODE END SPI2_Init 1 */
  42:Core/Src/spi.c ****   hspi2.Instance = SPI2;
  36              		.loc 1 42 3 view .LVU1
  37              		.loc 1 42 18 is_stmt 0 view .LVU2
  38 0002 0D48     		ldr	r0, .L5
  39 0004 0D4B     		ldr	r3, .L5+4
  40 0006 0360     		str	r3, [r0]
  43:Core/Src/spi.c ****   hspi2.Init.Mode = SPI_MODE_MASTER;
  41              		.loc 1 43 3 is_stmt 1 view .LVU3
  42              		.loc 1 43 19 is_stmt 0 view .LVU4
  43 0008 4FF48273 		mov	r3, #260
  44 000c 4360     		str	r3, [r0, #4]
  44:Core/Src/spi.c ****   hspi2.Init.Direction = SPI_DIRECTION_2LINES;
  45              		.loc 1 44 3 is_stmt 1 view .LVU5
  46              		.loc 1 44 24 is_stmt 0 view .LVU6
  47 000e 0023     		movs	r3, #0
  48 0010 8360     		str	r3, [r0, #8]
  45:Core/Src/spi.c ****   hspi2.Init.DataSize = SPI_DATASIZE_8BIT;
  49              		.loc 1 45 3 is_stmt 1 view .LVU7
  50              		.loc 1 45 23 is_stmt 0 view .LVU8
  51 0012 C360     		str	r3, [r0, #12]
  46:Core/Src/spi.c ****   hspi2.Init.CLKPolarity = SPI_POLARITY_LOW;
  52              		.loc 1 46 3 is_stmt 1 view .LVU9
  53              		.loc 1 46 26 is_stmt 0 view .LVU10
  54 0014 0361     		str	r3, [r0, #16]
  47:Core/Src/spi.c ****   hspi2.Init.CLKPhase = SPI_PHASE_1EDGE;
  55              		.loc 1 47 3 is_stmt 1 view .LVU11
  56              		.loc 1 47 23 is_stmt 0 view .LVU12
  57 0016 4361     		str	r3, [r0, #20]
  48:Core/Src/spi.c ****   hspi2.Init.NSS = SPI_NSS_SOFT;
  58              		.loc 1 48 3 is_stmt 1 view .LVU13
  59              		.loc 1 48 18 is_stmt 0 view .LVU14
  60 0018 4FF40072 		mov	r2, #512
  61 001c 8261     		str	r2, [r0, #24]
  49:Core/Src/spi.c ****   hspi2.Init.BaudRatePrescaler = SPI_BAUDRATEPRESCALER_2;
  62              		.loc 1 49 3 is_stmt 1 view .LVU15
  63              		.loc 1 49 32 is_stmt 0 view .LVU16
  64 001e C361     		str	r3, [r0, #28]
  50:Core/Src/spi.c ****   hspi2.Init.FirstBit = SPI_FIRSTBIT_MSB;
  65              		.loc 1 50 3 is_stmt 1 view .LVU17
ARM GAS  C:\Users\VIDCOM~1\AppData\Local\Temp\ccEDajXK.s 			page 3


  66              		.loc 1 50 23 is_stmt 0 view .LVU18
  67 0020 0362     		str	r3, [r0, #32]
  51:Core/Src/spi.c ****   hspi2.Init.TIMode = SPI_TIMODE_DISABLE;
  68              		.loc 1 51 3 is_stmt 1 view .LVU19
  69              		.loc 1 51 21 is_stmt 0 view .LVU20
  70 0022 4362     		str	r3, [r0, #36]
  52:Core/Src/spi.c ****   hspi2.Init.CRCCalculation = SPI_CRCCALCULATION_DISABLE;
  71              		.loc 1 52 3 is_stmt 1 view .LVU21
  72              		.loc 1 52 29 is_stmt 0 view .LVU22
  73 0024 8362     		str	r3, [r0, #40]
  53:Core/Src/spi.c ****   hspi2.Init.CRCPolynomial = 10;
  74              		.loc 1 53 3 is_stmt 1 view .LVU23
  75              		.loc 1 53 28 is_stmt 0 view .LVU24
  76 0026 0A23     		movs	r3, #10
  77 0028 C362     		str	r3, [r0, #44]
  54:Core/Src/spi.c ****   if (HAL_SPI_Init(&hspi2) != HAL_OK)
  78              		.loc 1 54 3 is_stmt 1 view .LVU25
  79              		.loc 1 54 7 is_stmt 0 view .LVU26
  80 002a FFF7FEFF 		bl	HAL_SPI_Init
  81              	.LVL0:
  82              		.loc 1 54 6 view .LVU27
  83 002e 00B9     		cbnz	r0, .L4
  84              	.L1:
  55:Core/Src/spi.c ****   {
  56:Core/Src/spi.c ****     Error_Handler();
  57:Core/Src/spi.c ****   }
  58:Core/Src/spi.c ****   /* USER CODE BEGIN SPI2_Init 2 */
  59:Core/Src/spi.c **** 
  60:Core/Src/spi.c ****   /* USER CODE END SPI2_Init 2 */
  61:Core/Src/spi.c **** 
  62:Core/Src/spi.c **** }
  85              		.loc 1 62 1 view .LVU28
  86 0030 08BD     		pop	{r3, pc}
  87              	.L4:
  56:Core/Src/spi.c ****   }
  88              		.loc 1 56 5 is_stmt 1 view .LVU29
  89 0032 FFF7FEFF 		bl	Error_Handler
  90              	.LVL1:
  91              		.loc 1 62 1 is_stmt 0 view .LVU30
  92 0036 FBE7     		b	.L1
  93              	.L6:
  94              		.align	2
  95              	.L5:
  96 0038 00000000 		.word	hspi2
  97 003c 00380040 		.word	1073756160
  98              		.cfi_endproc
  99              	.LFE574:
 101              		.section	.text.HAL_SPI_MspInit,"ax",%progbits
 102              		.align	1
 103              		.global	HAL_SPI_MspInit
 104              		.syntax unified
 105              		.thumb
 106              		.thumb_func
 108              	HAL_SPI_MspInit:
 109              	.LVL2:
 110              	.LFB575:
  63:Core/Src/spi.c **** 
ARM GAS  C:\Users\VIDCOM~1\AppData\Local\Temp\ccEDajXK.s 			page 4


  64:Core/Src/spi.c **** void HAL_SPI_MspInit(SPI_HandleTypeDef* spiHandle)
  65:Core/Src/spi.c **** {
 111              		.loc 1 65 1 is_stmt 1 view -0
 112              		.cfi_startproc
 113              		@ args = 0, pretend = 0, frame = 24
 114              		@ frame_needed = 0, uses_anonymous_args = 0
 115              		.loc 1 65 1 is_stmt 0 view .LVU32
 116 0000 70B5     		push	{r4, r5, r6, lr}
 117              	.LCFI1:
 118              		.cfi_def_cfa_offset 16
 119              		.cfi_offset 4, -16
 120              		.cfi_offset 5, -12
 121              		.cfi_offset 6, -8
 122              		.cfi_offset 14, -4
 123 0002 86B0     		sub	sp, sp, #24
 124              	.LCFI2:
 125              		.cfi_def_cfa_offset 40
  66:Core/Src/spi.c **** 
  67:Core/Src/spi.c ****   GPIO_InitTypeDef GPIO_InitStruct = {0};
 126              		.loc 1 67 3 is_stmt 1 view .LVU33
 127              		.loc 1 67 20 is_stmt 0 view .LVU34
 128 0004 0023     		movs	r3, #0
 129 0006 0293     		str	r3, [sp, #8]
 130 0008 0393     		str	r3, [sp, #12]
 131 000a 0493     		str	r3, [sp, #16]
 132 000c 0593     		str	r3, [sp, #20]
  68:Core/Src/spi.c ****   if(spiHandle->Instance==SPI2)
 133              		.loc 1 68 3 is_stmt 1 view .LVU35
 134              		.loc 1 68 15 is_stmt 0 view .LVU36
 135 000e 0268     		ldr	r2, [r0]
 136              		.loc 1 68 5 view .LVU37
 137 0010 2D4B     		ldr	r3, .L15
 138 0012 9A42     		cmp	r2, r3
 139 0014 01D0     		beq	.L12
 140              	.LVL3:
 141              	.L7:
  69:Core/Src/spi.c ****   {
  70:Core/Src/spi.c ****   /* USER CODE BEGIN SPI2_MspInit 0 */
  71:Core/Src/spi.c **** 
  72:Core/Src/spi.c ****   /* USER CODE END SPI2_MspInit 0 */
  73:Core/Src/spi.c ****     /* SPI2 clock enable */
  74:Core/Src/spi.c ****     __HAL_RCC_SPI2_CLK_ENABLE();
  75:Core/Src/spi.c **** 
  76:Core/Src/spi.c ****     __HAL_RCC_GPIOB_CLK_ENABLE();
  77:Core/Src/spi.c ****     /**SPI2 GPIO Configuration
  78:Core/Src/spi.c ****     PB13     ------> SPI2_SCK
  79:Core/Src/spi.c ****     PB14     ------> SPI2_MISO
  80:Core/Src/spi.c ****     PB15     ------> SPI2_MOSI
  81:Core/Src/spi.c ****     */
  82:Core/Src/spi.c ****     GPIO_InitStruct.Pin = GPIO_PIN_13|GPIO_PIN_15;
  83:Core/Src/spi.c ****     GPIO_InitStruct.Mode = GPIO_MODE_AF_PP;
  84:Core/Src/spi.c ****     GPIO_InitStruct.Speed = GPIO_SPEED_FREQ_HIGH;
  85:Core/Src/spi.c ****     HAL_GPIO_Init(GPIOB, &GPIO_InitStruct);
  86:Core/Src/spi.c **** 
  87:Core/Src/spi.c ****     GPIO_InitStruct.Pin = GPIO_PIN_14;
  88:Core/Src/spi.c ****     GPIO_InitStruct.Mode = GPIO_MODE_INPUT;
  89:Core/Src/spi.c ****     GPIO_InitStruct.Pull = GPIO_NOPULL;
ARM GAS  C:\Users\VIDCOM~1\AppData\Local\Temp\ccEDajXK.s 			page 5


  90:Core/Src/spi.c ****     HAL_GPIO_Init(GPIOB, &GPIO_InitStruct);
  91:Core/Src/spi.c **** 
  92:Core/Src/spi.c ****     /* SPI2 DMA Init */
  93:Core/Src/spi.c ****     /* SPI2_RX Init */
  94:Core/Src/spi.c ****     hdma_spi2_rx.Instance = DMA1_Channel4;
  95:Core/Src/spi.c ****     hdma_spi2_rx.Init.Direction = DMA_PERIPH_TO_MEMORY;
  96:Core/Src/spi.c ****     hdma_spi2_rx.Init.PeriphInc = DMA_PINC_DISABLE;
  97:Core/Src/spi.c ****     hdma_spi2_rx.Init.MemInc = DMA_MINC_ENABLE;
  98:Core/Src/spi.c ****     hdma_spi2_rx.Init.PeriphDataAlignment = DMA_PDATAALIGN_BYTE;
  99:Core/Src/spi.c ****     hdma_spi2_rx.Init.MemDataAlignment = DMA_MDATAALIGN_BYTE;
 100:Core/Src/spi.c ****     hdma_spi2_rx.Init.Mode = DMA_NORMAL;
 101:Core/Src/spi.c ****     hdma_spi2_rx.Init.Priority = DMA_PRIORITY_LOW;
 102:Core/Src/spi.c ****     if (HAL_DMA_Init(&hdma_spi2_rx) != HAL_OK)
 103:Core/Src/spi.c ****     {
 104:Core/Src/spi.c ****       Error_Handler();
 105:Core/Src/spi.c ****     }
 106:Core/Src/spi.c **** 
 107:Core/Src/spi.c ****     __HAL_LINKDMA(spiHandle,hdmarx,hdma_spi2_rx);
 108:Core/Src/spi.c **** 
 109:Core/Src/spi.c ****     /* SPI2_TX Init */
 110:Core/Src/spi.c ****     hdma_spi2_tx.Instance = DMA1_Channel5;
 111:Core/Src/spi.c ****     hdma_spi2_tx.Init.Direction = DMA_MEMORY_TO_PERIPH;
 112:Core/Src/spi.c ****     hdma_spi2_tx.Init.PeriphInc = DMA_PINC_DISABLE;
 113:Core/Src/spi.c ****     hdma_spi2_tx.Init.MemInc = DMA_MINC_ENABLE;
 114:Core/Src/spi.c ****     hdma_spi2_tx.Init.PeriphDataAlignment = DMA_PDATAALIGN_BYTE;
 115:Core/Src/spi.c ****     hdma_spi2_tx.Init.MemDataAlignment = DMA_MDATAALIGN_BYTE;
 116:Core/Src/spi.c ****     hdma_spi2_tx.Init.Mode = DMA_NORMAL;
 117:Core/Src/spi.c ****     hdma_spi2_tx.Init.Priority = DMA_PRIORITY_LOW;
 118:Core/Src/spi.c ****     if (HAL_DMA_Init(&hdma_spi2_tx) != HAL_OK)
 119:Core/Src/spi.c ****     {
 120:Core/Src/spi.c ****       Error_Handler();
 121:Core/Src/spi.c ****     }
 122:Core/Src/spi.c **** 
 123:Core/Src/spi.c ****     __HAL_LINKDMA(spiHandle,hdmatx,hdma_spi2_tx);
 124:Core/Src/spi.c **** 
 125:Core/Src/spi.c ****   /* USER CODE BEGIN SPI2_MspInit 1 */
 126:Core/Src/spi.c **** 
 127:Core/Src/spi.c ****   /* USER CODE END SPI2_MspInit 1 */
 128:Core/Src/spi.c ****   }
 129:Core/Src/spi.c **** }
 142              		.loc 1 129 1 view .LVU38
 143 0016 06B0     		add	sp, sp, #24
 144              	.LCFI3:
 145              		.cfi_remember_state
 146              		.cfi_def_cfa_offset 16
 147              		@ sp needed
 148 0018 70BD     		pop	{r4, r5, r6, pc}
 149              	.LVL4:
 150              	.L12:
 151              	.LCFI4:
 152              		.cfi_restore_state
 153              		.loc 1 129 1 view .LVU39
 154 001a 0446     		mov	r4, r0
  74:Core/Src/spi.c **** 
 155              		.loc 1 74 5 is_stmt 1 view .LVU40
 156              	.LBB2:
  74:Core/Src/spi.c **** 
ARM GAS  C:\Users\VIDCOM~1\AppData\Local\Temp\ccEDajXK.s 			page 6


 157              		.loc 1 74 5 view .LVU41
  74:Core/Src/spi.c **** 
 158              		.loc 1 74 5 view .LVU42
 159 001c 03F5EC33 		add	r3, r3, #120832
 160 0020 DA69     		ldr	r2, [r3, #28]
 161 0022 42F48042 		orr	r2, r2, #16384
 162 0026 DA61     		str	r2, [r3, #28]
  74:Core/Src/spi.c **** 
 163              		.loc 1 74 5 view .LVU43
 164 0028 DA69     		ldr	r2, [r3, #28]
 165 002a 02F48042 		and	r2, r2, #16384
 166 002e 0092     		str	r2, [sp]
  74:Core/Src/spi.c **** 
 167              		.loc 1 74 5 view .LVU44
 168 0030 009A     		ldr	r2, [sp]
 169              	.LBE2:
  74:Core/Src/spi.c **** 
 170              		.loc 1 74 5 view .LVU45
  76:Core/Src/spi.c ****     /**SPI2 GPIO Configuration
 171              		.loc 1 76 5 view .LVU46
 172              	.LBB3:
  76:Core/Src/spi.c ****     /**SPI2 GPIO Configuration
 173              		.loc 1 76 5 view .LVU47
  76:Core/Src/spi.c ****     /**SPI2 GPIO Configuration
 174              		.loc 1 76 5 view .LVU48
 175 0032 9A69     		ldr	r2, [r3, #24]
 176 0034 42F00802 		orr	r2, r2, #8
 177 0038 9A61     		str	r2, [r3, #24]
  76:Core/Src/spi.c ****     /**SPI2 GPIO Configuration
 178              		.loc 1 76 5 view .LVU49
 179 003a 9B69     		ldr	r3, [r3, #24]
 180 003c 03F00803 		and	r3, r3, #8
 181 0040 0193     		str	r3, [sp, #4]
  76:Core/Src/spi.c ****     /**SPI2 GPIO Configuration
 182              		.loc 1 76 5 view .LVU50
 183 0042 019B     		ldr	r3, [sp, #4]
 184              	.LBE3:
  76:Core/Src/spi.c ****     /**SPI2 GPIO Configuration
 185              		.loc 1 76 5 view .LVU51
  82:Core/Src/spi.c ****     GPIO_InitStruct.Mode = GPIO_MODE_AF_PP;
 186              		.loc 1 82 5 view .LVU52
  82:Core/Src/spi.c ****     GPIO_InitStruct.Mode = GPIO_MODE_AF_PP;
 187              		.loc 1 82 25 is_stmt 0 view .LVU53
 188 0044 4FF42043 		mov	r3, #40960
 189 0048 0293     		str	r3, [sp, #8]
  83:Core/Src/spi.c ****     GPIO_InitStruct.Speed = GPIO_SPEED_FREQ_HIGH;
 190              		.loc 1 83 5 is_stmt 1 view .LVU54
  83:Core/Src/spi.c ****     GPIO_InitStruct.Speed = GPIO_SPEED_FREQ_HIGH;
 191              		.loc 1 83 26 is_stmt 0 view .LVU55
 192 004a 0223     		movs	r3, #2
 193 004c 0393     		str	r3, [sp, #12]
  84:Core/Src/spi.c ****     HAL_GPIO_Init(GPIOB, &GPIO_InitStruct);
 194              		.loc 1 84 5 is_stmt 1 view .LVU56
  84:Core/Src/spi.c ****     HAL_GPIO_Init(GPIOB, &GPIO_InitStruct);
 195              		.loc 1 84 27 is_stmt 0 view .LVU57
 196 004e 0323     		movs	r3, #3
 197 0050 0593     		str	r3, [sp, #20]
ARM GAS  C:\Users\VIDCOM~1\AppData\Local\Temp\ccEDajXK.s 			page 7


  85:Core/Src/spi.c **** 
 198              		.loc 1 85 5 is_stmt 1 view .LVU58
 199 0052 1E4E     		ldr	r6, .L15+4
 200 0054 02A9     		add	r1, sp, #8
 201 0056 3046     		mov	r0, r6
 202              	.LVL5:
  85:Core/Src/spi.c **** 
 203              		.loc 1 85 5 is_stmt 0 view .LVU59
 204 0058 FFF7FEFF 		bl	HAL_GPIO_Init
 205              	.LVL6:
  87:Core/Src/spi.c ****     GPIO_InitStruct.Mode = GPIO_MODE_INPUT;
 206              		.loc 1 87 5 is_stmt 1 view .LVU60
  87:Core/Src/spi.c ****     GPIO_InitStruct.Mode = GPIO_MODE_INPUT;
 207              		.loc 1 87 25 is_stmt 0 view .LVU61
 208 005c 4FF48043 		mov	r3, #16384
 209 0060 0293     		str	r3, [sp, #8]
  88:Core/Src/spi.c ****     GPIO_InitStruct.Pull = GPIO_NOPULL;
 210              		.loc 1 88 5 is_stmt 1 view .LVU62
  88:Core/Src/spi.c ****     GPIO_InitStruct.Pull = GPIO_NOPULL;
 211              		.loc 1 88 26 is_stmt 0 view .LVU63
 212 0062 0025     		movs	r5, #0
 213 0064 0395     		str	r5, [sp, #12]
  89:Core/Src/spi.c ****     HAL_GPIO_Init(GPIOB, &GPIO_InitStruct);
 214              		.loc 1 89 5 is_stmt 1 view .LVU64
  89:Core/Src/spi.c ****     HAL_GPIO_Init(GPIOB, &GPIO_InitStruct);
 215              		.loc 1 89 26 is_stmt 0 view .LVU65
 216 0066 0495     		str	r5, [sp, #16]
  90:Core/Src/spi.c **** 
 217              		.loc 1 90 5 is_stmt 1 view .LVU66
 218 0068 02A9     		add	r1, sp, #8
 219 006a 3046     		mov	r0, r6
 220 006c FFF7FEFF 		bl	HAL_GPIO_Init
 221              	.LVL7:
  94:Core/Src/spi.c ****     hdma_spi2_rx.Init.Direction = DMA_PERIPH_TO_MEMORY;
 222              		.loc 1 94 5 view .LVU67
  94:Core/Src/spi.c ****     hdma_spi2_rx.Init.Direction = DMA_PERIPH_TO_MEMORY;
 223              		.loc 1 94 27 is_stmt 0 view .LVU68
 224 0070 1748     		ldr	r0, .L15+8
 225 0072 184B     		ldr	r3, .L15+12
 226 0074 0360     		str	r3, [r0]
  95:Core/Src/spi.c ****     hdma_spi2_rx.Init.PeriphInc = DMA_PINC_DISABLE;
 227              		.loc 1 95 5 is_stmt 1 view .LVU69
  95:Core/Src/spi.c ****     hdma_spi2_rx.Init.PeriphInc = DMA_PINC_DISABLE;
 228              		.loc 1 95 33 is_stmt 0 view .LVU70
 229 0076 4560     		str	r5, [r0, #4]
  96:Core/Src/spi.c ****     hdma_spi2_rx.Init.MemInc = DMA_MINC_ENABLE;
 230              		.loc 1 96 5 is_stmt 1 view .LVU71
  96:Core/Src/spi.c ****     hdma_spi2_rx.Init.MemInc = DMA_MINC_ENABLE;
 231              		.loc 1 96 33 is_stmt 0 view .LVU72
 232 0078 8560     		str	r5, [r0, #8]
  97:Core/Src/spi.c ****     hdma_spi2_rx.Init.PeriphDataAlignment = DMA_PDATAALIGN_BYTE;
 233              		.loc 1 97 5 is_stmt 1 view .LVU73
  97:Core/Src/spi.c ****     hdma_spi2_rx.Init.PeriphDataAlignment = DMA_PDATAALIGN_BYTE;
 234              		.loc 1 97 30 is_stmt 0 view .LVU74
 235 007a 8023     		movs	r3, #128
 236 007c C360     		str	r3, [r0, #12]
  98:Core/Src/spi.c ****     hdma_spi2_rx.Init.MemDataAlignment = DMA_MDATAALIGN_BYTE;
ARM GAS  C:\Users\VIDCOM~1\AppData\Local\Temp\ccEDajXK.s 			page 8


 237              		.loc 1 98 5 is_stmt 1 view .LVU75
  98:Core/Src/spi.c ****     hdma_spi2_rx.Init.MemDataAlignment = DMA_MDATAALIGN_BYTE;
 238              		.loc 1 98 43 is_stmt 0 view .LVU76
 239 007e 0561     		str	r5, [r0, #16]
  99:Core/Src/spi.c ****     hdma_spi2_rx.Init.Mode = DMA_NORMAL;
 240              		.loc 1 99 5 is_stmt 1 view .LVU77
  99:Core/Src/spi.c ****     hdma_spi2_rx.Init.Mode = DMA_NORMAL;
 241              		.loc 1 99 40 is_stmt 0 view .LVU78
 242 0080 4561     		str	r5, [r0, #20]
 100:Core/Src/spi.c ****     hdma_spi2_rx.Init.Priority = DMA_PRIORITY_LOW;
 243              		.loc 1 100 5 is_stmt 1 view .LVU79
 100:Core/Src/spi.c ****     hdma_spi2_rx.Init.Priority = DMA_PRIORITY_LOW;
 244              		.loc 1 100 28 is_stmt 0 view .LVU80
 245 0082 8561     		str	r5, [r0, #24]
 101:Core/Src/spi.c ****     if (HAL_DMA_Init(&hdma_spi2_rx) != HAL_OK)
 246              		.loc 1 101 5 is_stmt 1 view .LVU81
 101:Core/Src/spi.c ****     if (HAL_DMA_Init(&hdma_spi2_rx) != HAL_OK)
 247              		.loc 1 101 32 is_stmt 0 view .LVU82
 248 0084 C561     		str	r5, [r0, #28]
 102:Core/Src/spi.c ****     {
 249              		.loc 1 102 5 is_stmt 1 view .LVU83
 102:Core/Src/spi.c ****     {
 250              		.loc 1 102 9 is_stmt 0 view .LVU84
 251 0086 FFF7FEFF 		bl	HAL_DMA_Init
 252              	.LVL8:
 102:Core/Src/spi.c ****     {
 253              		.loc 1 102 8 view .LVU85
 254 008a B0B9     		cbnz	r0, .L13
 255              	.L9:
 107:Core/Src/spi.c **** 
 256              		.loc 1 107 5 is_stmt 1 view .LVU86
 107:Core/Src/spi.c **** 
 257              		.loc 1 107 5 view .LVU87
 258 008c 104B     		ldr	r3, .L15+8
 259 008e E364     		str	r3, [r4, #76]
 107:Core/Src/spi.c **** 
 260              		.loc 1 107 5 view .LVU88
 261 0090 5C62     		str	r4, [r3, #36]
 107:Core/Src/spi.c **** 
 262              		.loc 1 107 5 view .LVU89
 110:Core/Src/spi.c ****     hdma_spi2_tx.Init.Direction = DMA_MEMORY_TO_PERIPH;
 263              		.loc 1 110 5 view .LVU90
 110:Core/Src/spi.c ****     hdma_spi2_tx.Init.Direction = DMA_MEMORY_TO_PERIPH;
 264              		.loc 1 110 27 is_stmt 0 view .LVU91
 265 0092 1148     		ldr	r0, .L15+16
 266 0094 114B     		ldr	r3, .L15+20
 267 0096 0360     		str	r3, [r0]
 111:Core/Src/spi.c ****     hdma_spi2_tx.Init.PeriphInc = DMA_PINC_DISABLE;
 268              		.loc 1 111 5 is_stmt 1 view .LVU92
 111:Core/Src/spi.c ****     hdma_spi2_tx.Init.PeriphInc = DMA_PINC_DISABLE;
 269              		.loc 1 111 33 is_stmt 0 view .LVU93
 270 0098 1023     		movs	r3, #16
 271 009a 4360     		str	r3, [r0, #4]
 112:Core/Src/spi.c ****     hdma_spi2_tx.Init.MemInc = DMA_MINC_ENABLE;
 272              		.loc 1 112 5 is_stmt 1 view .LVU94
 112:Core/Src/spi.c ****     hdma_spi2_tx.Init.MemInc = DMA_MINC_ENABLE;
 273              		.loc 1 112 33 is_stmt 0 view .LVU95
ARM GAS  C:\Users\VIDCOM~1\AppData\Local\Temp\ccEDajXK.s 			page 9


 274 009c 0023     		movs	r3, #0
 275 009e 8360     		str	r3, [r0, #8]
 113:Core/Src/spi.c ****     hdma_spi2_tx.Init.PeriphDataAlignment = DMA_PDATAALIGN_BYTE;
 276              		.loc 1 113 5 is_stmt 1 view .LVU96
 113:Core/Src/spi.c ****     hdma_spi2_tx.Init.PeriphDataAlignment = DMA_PDATAALIGN_BYTE;
 277              		.loc 1 113 30 is_stmt 0 view .LVU97
 278 00a0 8022     		movs	r2, #128
 279 00a2 C260     		str	r2, [r0, #12]
 114:Core/Src/spi.c ****     hdma_spi2_tx.Init.MemDataAlignment = DMA_MDATAALIGN_BYTE;
 280              		.loc 1 114 5 is_stmt 1 view .LVU98
 114:Core/Src/spi.c ****     hdma_spi2_tx.Init.MemDataAlignment = DMA_MDATAALIGN_BYTE;
 281              		.loc 1 114 43 is_stmt 0 view .LVU99
 282 00a4 0361     		str	r3, [r0, #16]
 115:Core/Src/spi.c ****     hdma_spi2_tx.Init.Mode = DMA_NORMAL;
 283              		.loc 1 115 5 is_stmt 1 view .LVU100
 115:Core/Src/spi.c ****     hdma_spi2_tx.Init.Mode = DMA_NORMAL;
 284              		.loc 1 115 40 is_stmt 0 view .LVU101
 285 00a6 4361     		str	r3, [r0, #20]
 116:Core/Src/spi.c ****     hdma_spi2_tx.Init.Priority = DMA_PRIORITY_LOW;
 286              		.loc 1 116 5 is_stmt 1 view .LVU102
 116:Core/Src/spi.c ****     hdma_spi2_tx.Init.Priority = DMA_PRIORITY_LOW;
 287              		.loc 1 116 28 is_stmt 0 view .LVU103
 288 00a8 8361     		str	r3, [r0, #24]
 117:Core/Src/spi.c ****     if (HAL_DMA_Init(&hdma_spi2_tx) != HAL_OK)
 289              		.loc 1 117 5 is_stmt 1 view .LVU104
 117:Core/Src/spi.c ****     if (HAL_DMA_Init(&hdma_spi2_tx) != HAL_OK)
 290              		.loc 1 117 32 is_stmt 0 view .LVU105
 291 00aa C361     		str	r3, [r0, #28]
 118:Core/Src/spi.c ****     {
 292              		.loc 1 118 5 is_stmt 1 view .LVU106
 118:Core/Src/spi.c ****     {
 293              		.loc 1 118 9 is_stmt 0 view .LVU107
 294 00ac FFF7FEFF 		bl	HAL_DMA_Init
 295              	.LVL9:
 118:Core/Src/spi.c ****     {
 296              		.loc 1 118 8 view .LVU108
 297 00b0 30B9     		cbnz	r0, .L14
 298              	.L10:
 123:Core/Src/spi.c **** 
 299              		.loc 1 123 5 is_stmt 1 view .LVU109
 123:Core/Src/spi.c **** 
 300              		.loc 1 123 5 view .LVU110
 301 00b2 094B     		ldr	r3, .L15+16
 302 00b4 A364     		str	r3, [r4, #72]
 123:Core/Src/spi.c **** 
 303              		.loc 1 123 5 view .LVU111
 304 00b6 5C62     		str	r4, [r3, #36]
 123:Core/Src/spi.c **** 
 305              		.loc 1 123 5 view .LVU112
 306              		.loc 1 129 1 is_stmt 0 view .LVU113
 307 00b8 ADE7     		b	.L7
 308              	.L13:
 104:Core/Src/spi.c ****     }
 309              		.loc 1 104 7 is_stmt 1 view .LVU114
 310 00ba FFF7FEFF 		bl	Error_Handler
 311              	.LVL10:
 312 00be E5E7     		b	.L9
ARM GAS  C:\Users\VIDCOM~1\AppData\Local\Temp\ccEDajXK.s 			page 10


 313              	.L14:
 120:Core/Src/spi.c ****     }
 314              		.loc 1 120 7 view .LVU115
 315 00c0 FFF7FEFF 		bl	Error_Handler
 316              	.LVL11:
 317 00c4 F5E7     		b	.L10
 318              	.L16:
 319 00c6 00BF     		.align	2
 320              	.L15:
 321 00c8 00380040 		.word	1073756160
 322 00cc 000C0140 		.word	1073810432
 323 00d0 00000000 		.word	hdma_spi2_rx
 324 00d4 44000240 		.word	1073872964
 325 00d8 00000000 		.word	hdma_spi2_tx
 326 00dc 58000240 		.word	1073872984
 327              		.cfi_endproc
 328              	.LFE575:
 330              		.section	.text.HAL_SPI_MspDeInit,"ax",%progbits
 331              		.align	1
 332              		.global	HAL_SPI_MspDeInit
 333              		.syntax unified
 334              		.thumb
 335              		.thumb_func
 337              	HAL_SPI_MspDeInit:
 338              	.LVL12:
 339              	.LFB576:
 130:Core/Src/spi.c **** 
 131:Core/Src/spi.c **** void HAL_SPI_MspDeInit(SPI_HandleTypeDef* spiHandle)
 132:Core/Src/spi.c **** {
 340              		.loc 1 132 1 view -0
 341              		.cfi_startproc
 342              		@ args = 0, pretend = 0, frame = 0
 343              		@ frame_needed = 0, uses_anonymous_args = 0
 133:Core/Src/spi.c **** 
 134:Core/Src/spi.c ****   if(spiHandle->Instance==SPI2)
 344              		.loc 1 134 3 view .LVU117
 345              		.loc 1 134 15 is_stmt 0 view .LVU118
 346 0000 0268     		ldr	r2, [r0]
 347              		.loc 1 134 5 view .LVU119
 348 0002 0B4B     		ldr	r3, .L24
 349 0004 9A42     		cmp	r2, r3
 350 0006 00D0     		beq	.L23
 351 0008 7047     		bx	lr
 352              	.L23:
 132:Core/Src/spi.c **** 
 353              		.loc 1 132 1 view .LVU120
 354 000a 10B5     		push	{r4, lr}
 355              	.LCFI5:
 356              		.cfi_def_cfa_offset 8
 357              		.cfi_offset 4, -8
 358              		.cfi_offset 14, -4
 359 000c 0446     		mov	r4, r0
 135:Core/Src/spi.c ****   {
 136:Core/Src/spi.c ****   /* USER CODE BEGIN SPI2_MspDeInit 0 */
 137:Core/Src/spi.c **** 
 138:Core/Src/spi.c ****   /* USER CODE END SPI2_MspDeInit 0 */
 139:Core/Src/spi.c ****     /* Peripheral clock disable */
ARM GAS  C:\Users\VIDCOM~1\AppData\Local\Temp\ccEDajXK.s 			page 11


 140:Core/Src/spi.c ****     __HAL_RCC_SPI2_CLK_DISABLE();
 360              		.loc 1 140 5 is_stmt 1 view .LVU121
 361 000e 094A     		ldr	r2, .L24+4
 362 0010 D369     		ldr	r3, [r2, #28]
 363 0012 23F48043 		bic	r3, r3, #16384
 364 0016 D361     		str	r3, [r2, #28]
 141:Core/Src/spi.c **** 
 142:Core/Src/spi.c ****     /**SPI2 GPIO Configuration
 143:Core/Src/spi.c ****     PB13     ------> SPI2_SCK
 144:Core/Src/spi.c ****     PB14     ------> SPI2_MISO
 145:Core/Src/spi.c ****     PB15     ------> SPI2_MOSI
 146:Core/Src/spi.c ****     */
 147:Core/Src/spi.c ****     HAL_GPIO_DeInit(GPIOB, GPIO_PIN_13|GPIO_PIN_14|GPIO_PIN_15);
 365              		.loc 1 147 5 view .LVU122
 366 0018 4FF46041 		mov	r1, #57344
 367 001c 0648     		ldr	r0, .L24+8
 368              	.LVL13:
 369              		.loc 1 147 5 is_stmt 0 view .LVU123
 370 001e FFF7FEFF 		bl	HAL_GPIO_DeInit
 371              	.LVL14:
 148:Core/Src/spi.c **** 
 149:Core/Src/spi.c ****     /* SPI2 DMA DeInit */
 150:Core/Src/spi.c ****     HAL_DMA_DeInit(spiHandle->hdmarx);
 372              		.loc 1 150 5 is_stmt 1 view .LVU124
 373 0022 E06C     		ldr	r0, [r4, #76]
 374 0024 FFF7FEFF 		bl	HAL_DMA_DeInit
 375              	.LVL15:
 151:Core/Src/spi.c ****     HAL_DMA_DeInit(spiHandle->hdmatx);
 376              		.loc 1 151 5 view .LVU125
 377 0028 A06C     		ldr	r0, [r4, #72]
 378 002a FFF7FEFF 		bl	HAL_DMA_DeInit
 379              	.LVL16:
 152:Core/Src/spi.c ****   /* USER CODE BEGIN SPI2_MspDeInit 1 */
 153:Core/Src/spi.c **** 
 154:Core/Src/spi.c ****   /* USER CODE END SPI2_MspDeInit 1 */
 155:Core/Src/spi.c ****   }
 156:Core/Src/spi.c **** }
 380              		.loc 1 156 1 is_stmt 0 view .LVU126
 381 002e 10BD     		pop	{r4, pc}
 382              	.LVL17:
 383              	.L25:
 384              		.loc 1 156 1 view .LVU127
 385              		.align	2
 386              	.L24:
 387 0030 00380040 		.word	1073756160
 388 0034 00100240 		.word	1073876992
 389 0038 000C0140 		.word	1073810432
 390              		.cfi_endproc
 391              	.LFE576:
 393              		.global	hdma_spi2_tx
 394              		.section	.bss.hdma_spi2_tx,"aw",%nobits
 395              		.align	2
 398              	hdma_spi2_tx:
 399 0000 00000000 		.space	68
 399      00000000 
 399      00000000 
 399      00000000 
ARM GAS  C:\Users\VIDCOM~1\AppData\Local\Temp\ccEDajXK.s 			page 12


 399      00000000 
 400              		.global	hdma_spi2_rx
 401              		.section	.bss.hdma_spi2_rx,"aw",%nobits
 402              		.align	2
 405              	hdma_spi2_rx:
 406 0000 00000000 		.space	68
 406      00000000 
 406      00000000 
 406      00000000 
 406      00000000 
 407              		.global	hspi2
 408              		.section	.bss.hspi2,"aw",%nobits
 409              		.align	2
 412              	hspi2:
 413 0000 00000000 		.space	88
 413      00000000 
 413      00000000 
 413      00000000 
 413      00000000 
 414              		.text
 415              	.Letext0:
 416              		.file 2 "c:\\vscode\\vscodestmtools\\arm-none-eabi-gcc\\12.2.1-1.2.1\\.content\\arm-none-eabi\\inc
 417              		.file 3 "c:\\vscode\\vscodestmtools\\arm-none-eabi-gcc\\12.2.1-1.2.1\\.content\\arm-none-eabi\\inc
 418              		.file 4 "Drivers/CMSIS/Device/ST/STM32F1xx/Include/stm32f103xb.h"
 419              		.file 5 "Drivers/STM32F1xx_HAL_Driver/Inc/stm32f1xx_hal_def.h"
 420              		.file 6 "Drivers/STM32F1xx_HAL_Driver/Inc/stm32f1xx_hal_gpio.h"
 421              		.file 7 "Drivers/STM32F1xx_HAL_Driver/Inc/stm32f1xx_hal_dma.h"
 422              		.file 8 "Drivers/STM32F1xx_HAL_Driver/Inc/stm32f1xx_hal_spi.h"
 423              		.file 9 "Drivers/STM32F1xx_HAL_Driver/Inc/stm32f1xx_ll_tim.h"
 424              		.file 10 "Drivers/STM32F1xx_HAL_Driver/Inc/stm32f1xx_ll_dma.h"
 425              		.file 11 "Core/Inc/spi.h"
 426              		.file 12 "Core/Inc/main.h"
ARM GAS  C:\Users\VIDCOM~1\AppData\Local\Temp\ccEDajXK.s 			page 13


DEFINED SYMBOLS
                            *ABS*:0000000000000000 spi.c
C:\Users\VIDCOM~1\AppData\Local\Temp\ccEDajXK.s:19     .text.MX_SPI2_Init:0000000000000000 $t
C:\Users\VIDCOM~1\AppData\Local\Temp\ccEDajXK.s:25     .text.MX_SPI2_Init:0000000000000000 MX_SPI2_Init
C:\Users\VIDCOM~1\AppData\Local\Temp\ccEDajXK.s:96     .text.MX_SPI2_Init:0000000000000038 $d
C:\Users\VIDCOM~1\AppData\Local\Temp\ccEDajXK.s:412    .bss.hspi2:0000000000000000 hspi2
C:\Users\VIDCOM~1\AppData\Local\Temp\ccEDajXK.s:102    .text.HAL_SPI_MspInit:0000000000000000 $t
C:\Users\VIDCOM~1\AppData\Local\Temp\ccEDajXK.s:108    .text.HAL_SPI_MspInit:0000000000000000 HAL_SPI_MspInit
C:\Users\VIDCOM~1\AppData\Local\Temp\ccEDajXK.s:321    .text.HAL_SPI_MspInit:00000000000000c8 $d
C:\Users\VIDCOM~1\AppData\Local\Temp\ccEDajXK.s:405    .bss.hdma_spi2_rx:0000000000000000 hdma_spi2_rx
C:\Users\VIDCOM~1\AppData\Local\Temp\ccEDajXK.s:398    .bss.hdma_spi2_tx:0000000000000000 hdma_spi2_tx
C:\Users\VIDCOM~1\AppData\Local\Temp\ccEDajXK.s:331    .text.HAL_SPI_MspDeInit:0000000000000000 $t
C:\Users\VIDCOM~1\AppData\Local\Temp\ccEDajXK.s:337    .text.HAL_SPI_MspDeInit:0000000000000000 HAL_SPI_MspDeInit
C:\Users\VIDCOM~1\AppData\Local\Temp\ccEDajXK.s:387    .text.HAL_SPI_MspDeInit:0000000000000030 $d
C:\Users\VIDCOM~1\AppData\Local\Temp\ccEDajXK.s:395    .bss.hdma_spi2_tx:0000000000000000 $d
C:\Users\VIDCOM~1\AppData\Local\Temp\ccEDajXK.s:402    .bss.hdma_spi2_rx:0000000000000000 $d
C:\Users\VIDCOM~1\AppData\Local\Temp\ccEDajXK.s:409    .bss.hspi2:0000000000000000 $d

UNDEFINED SYMBOLS
HAL_SPI_Init
Error_Handler
HAL_GPIO_Init
HAL_DMA_Init
HAL_GPIO_DeInit
HAL_DMA_DeInit
